<?xml version="1.0" encoding="UTF-8"?>
<testng-results ignored="0" total="1" passed="1" failed="0" skipped="0">
  <reporter-output>
  </reporter-output>
  <suite started-at="2020-04-17T14:43:59Z" name="Practice Suite" finished-at="2020-04-17T14:44:21Z" duration-ms="21530">
    <groups>
    </groups>
    <test started-at="2020-04-17T14:43:59Z" name="Test Basics 1" finished-at="2020-04-17T14:44:21Z" duration-ms="21530">
      <class name="com.test.ParameterTest">
        <test-method signature="loginTestString(java.lang.String, java.lang.String, java.lang.String)[pri:0, instance:com.test.ParameterTest@35083305]" started-at="2020-04-17T14:43:59Z" name="loginTestString" finished-at="2020-04-17T14:44:21Z" duration-ms="21476" status="PASS">
          <params>
            <param index="0">
              <value>
                <![CDATA[https://ui.freecrm.com/]]>
              </value>
            </param>
            <param index="1">
              <value>
                <![CDATA[anoop2804anu@gmail.com]]>
              </value>
            </param>
            <param index="2">
              <value>
                <![CDATA[anoop2804]]>
              </value>
            </param>
          </params>
          <reporter-output>
          </reporter-output>
        </test-method> <!-- loginTestString -->
      </class> <!-- com.test.ParameterTest -->
    </test> <!-- Test Basics 1 -->
  </suite> <!-- Practice Suite -->
</testng-results>
